This file contains any messages produced by compilers while
running configure, to aid debugging if configure makes a mistake.

It was created by program configure 1.0, which was
generated by GNU Autoconf 2.72.  Invocation command line was

  $ ./configure

## --------- ##
## Platform. ##
## --------- ##

hostname = Ubuntu
uname -m = x86_64
uname -r = 6.11.0-13-generic
uname -s = Linux
uname -v = #14-Ubuntu SMP PREEMPT_DYNAMIC Sat Nov 30 23:51:51 UTC 2024

/usr/bin/uname -p = x86_64
/bin/uname -X     = unknown

/bin/arch              = x86_64
/usr/bin/arch -k       = unknown
/usr/convex/getsysinfo = unknown
/usr/bin/hostinfo      = unknown
/bin/machine           = unknown
/usr/bin/oslevel       = unknown
/bin/universe          = unknown

PATH: /usr/local/sbin/
PATH: /usr/local/bin/
PATH: /usr/sbin/
PATH: /usr/bin/
PATH: /sbin/
PATH: /bin/
PATH: /usr/games/
PATH: /usr/local/games/
PATH: /snap/bin/
PATH: /snap/bin/


## ----------- ##
## Core tests. ##
## ----------- ##

configure:2394: looking for aux files: compile missing install-sh
configure:2407:  trying ./
configure:2436:   ./compile found
configure:2436:   ./missing found
configure:2418:   ./install-sh found
configure:2566: checking for a BSD-compatible install
configure:2640: result: /usr/bin/install -c
configure:2651: checking whether build environment is sane
configure:2706: result: yes
configure:2867: checking for a race-free mkdir -p
configure:2910: result: /usr/bin/mkdir -p
configure:2917: checking for gawk
configure:2953: result: no
configure:2917: checking for mawk
configure:2938: found /usr/bin/mawk
configure:2950: result: mawk
configure:2961: checking whether make sets $(MAKE)
configure:2985: result: yes
configure:3015: checking whether make supports nested variables
configure:3034: result: yes
configure:3230: checking for pkg-config
configure:3253: found /usr/bin/pkg-config
configure:3266: result: /usr/bin/pkg-config
configure:3291: checking pkg-config is at least version 0.9.0
configure:3294: result: yes
configure:3304: checking for glib-2.0
configure:3311: $PKG_CONFIG --exists --print-errors "glib-2.0"
configure:3314: $? = 0
configure:3328: $PKG_CONFIG --exists --print-errors "glib-2.0"
configure:3331: $? = 0
configure:3389: result: yes
configure:3463: checking for g++
configure:3484: found /usr/bin/g++
configure:3496: result: g++
configure:3523: checking for C++ compiler version
configure:3532: g++ --version >&5
g++ (Ubuntu 14.2.0-4ubuntu2) 14.2.0
Copyright (C) 2024 Free Software Foundation, Inc.
This is free software; see the source for copying conditions.  There is NO
warranty; not even for MERCHANTABILITY or FITNESS FOR A PARTICULAR PURPOSE.

configure:3543: $? = 0
configure:3532: g++ -v >&5
Using built-in specs.
COLLECT_GCC=g++
COLLECT_LTO_WRAPPER=/usr/libexec/gcc/x86_64-linux-gnu/14/lto-wrapper
OFFLOAD_TARGET_NAMES=nvptx-none:amdgcn-amdhsa
OFFLOAD_TARGET_DEFAULT=1
Target: x86_64-linux-gnu
Configured with: ../src/configure -v --with-pkgversion='Ubuntu 14.2.0-4ubuntu2' --with-bugurl=file:///usr/share/doc/gcc-14/README.Bugs --enable-languages=c,ada,c++,go,d,fortran,objc,obj-c++,m2,rust --prefix=/usr --with-gcc-major-version-only --program-suffix=-14 --program-prefix=x86_64-linux-gnu- --enable-shared --enable-linker-build-id --libexecdir=/usr/libexec --without-included-gettext --enable-threads=posix --libdir=/usr/lib --enable-nls --enable-bootstrap --enable-clocale=gnu --enable-libstdcxx-debug --enable-libstdcxx-time=yes --with-default-libstdcxx-abi=new --enable-libstdcxx-backtrace --enable-gnu-unique-object --disable-vtable-verify --enable-plugin --enable-default-pie --with-system-zlib --enable-libphobos-checking=release --with-target-system-zlib=auto --enable-objc-gc=auto --enable-multiarch --disable-werror --enable-cet --with-arch-32=i686 --with-abi=m64 --with-multilib-list=m32,m64,mx32 --enable-multilib --with-tune=generic --enable-offload-targets=nvptx-none=/build/gcc-14-zdkDXv/gcc-14-14.2.0/debian/tmp-nvptx/usr,amdgcn-amdhsa=/build/gcc-14-zdkDXv/gcc-14-14.2.0/debian/tmp-gcn/usr --enable-offload-defaulted --without-cuda-driver --enable-checking=release --build=x86_64-linux-gnu --host=x86_64-linux-gnu --target=x86_64-linux-gnu --with-build-config=bootstrap-lto-lean --enable-link-serialization=2
Thread model: posix
Supported LTO compression algorithms: zlib zstd
gcc version 14.2.0 (Ubuntu 14.2.0-4ubuntu2) 
... rest of stderr output deleted ...
configure:3543: $? = 0
configure:3532: g++ -V >&5
g++: error: unrecognized command-line option '-V'
g++: fatal error: no input files
compilation terminated.
configure:3543: $? = 1
configure:3532: g++ -qversion >&5
g++: error: unrecognized command-line option '-qversion'; did you mean '--version'?
g++: fatal error: no input files
compilation terminated.
configure:3543: $? = 1
configure:3563: checking whether the C++ compiler works
configure:3585: g++    conftest.cpp  >&5
configure:3589: $? = 0
configure:3640: result: yes
configure:3644: checking for C++ compiler default output file name
configure:3646: result: a.out
configure:3652: checking for suffix of executables
configure:3659: g++ -o conftest    conftest.cpp  >&5
configure:3663: $? = 0
configure:3687: result: 
configure:3711: checking whether we are cross compiling
configure:3719: g++ -o conftest    conftest.cpp  >&5
configure:3723: $? = 0
configure:3730: ./conftest
configure:3734: $? = 0
configure:3749: result: no
configure:3755: checking for suffix of object files
configure:3778: g++ -c   conftest.cpp >&5
configure:3782: $? = 0
configure:3806: result: o
configure:3810: checking whether the compiler supports GNU C++
configure:3830: g++ -c   conftest.cpp >&5
configure:3830: $? = 0
configure:3842: result: yes
configure:3853: checking whether g++ accepts -g
configure:3874: g++ -c -g  conftest.cpp >&5
configure:3874: $? = 0
configure:3921: result: yes
configure:3941: checking for g++ option to enable C++11 features
configure:3956: g++  -c -g -O2  conftest.cpp >&5
conftest.cpp: In function 'int main(int, char**)':
conftest.cpp:177:25: warning: empty parentheses were disambiguated as a function declaration [-Wvexing-parse]
  177 |   cxx11test::delegate d2();
      |                         ^~
conftest.cpp:177:25: note: remove parentheses to default-initialize a variable
  177 |   cxx11test::delegate d2();
      |                         ^~
      |                         --
conftest.cpp:177:25: note: or replace parentheses with braces to value-initialize a variable
configure:3956: $? = 0
configure:3975: result: none needed
configure:4047: checking whether make supports the include directive
configure:4062: make -f confmf.GNU && cat confinc.out
this is the am__doit target
configure:4065: $? = 0
configure:4084: result: yes (GNU style)
configure:4110: checking dependency style of g++
configure:4223: result: gcc3
configure:4301: checking for gcc
configure:4322: found /usr/bin/gcc
configure:4334: result: gcc
configure:4693: checking for C compiler version
configure:4702: gcc --version >&5
gcc (Ubuntu 14.2.0-4ubuntu2) 14.2.0
Copyright (C) 2024 Free Software Foundation, Inc.
This is free software; see the source for copying conditions.  There is NO
warranty; not even for MERCHANTABILITY or FITNESS FOR A PARTICULAR PURPOSE.

configure:4713: $? = 0
configure:4702: gcc -v >&5
Using built-in specs.
COLLECT_GCC=gcc
COLLECT_LTO_WRAPPER=/usr/libexec/gcc/x86_64-linux-gnu/14/lto-wrapper
OFFLOAD_TARGET_NAMES=nvptx-none:amdgcn-amdhsa
OFFLOAD_TARGET_DEFAULT=1
Target: x86_64-linux-gnu
Configured with: ../src/configure -v --with-pkgversion='Ubuntu 14.2.0-4ubuntu2' --with-bugurl=file:///usr/share/doc/gcc-14/README.Bugs --enable-languages=c,ada,c++,go,d,fortran,objc,obj-c++,m2,rust --prefix=/usr --with-gcc-major-version-only --program-suffix=-14 --program-prefix=x86_64-linux-gnu- --enable-shared --enable-linker-build-id --libexecdir=/usr/libexec --without-included-gettext --enable-threads=posix --libdir=/usr/lib --enable-nls --enable-bootstrap --enable-clocale=gnu --enable-libstdcxx-debug --enable-libstdcxx-time=yes --with-default-libstdcxx-abi=new --enable-libstdcxx-backtrace --enable-gnu-unique-object --disable-vtable-verify --enable-plugin --enable-default-pie --with-system-zlib --enable-libphobos-checking=release --with-target-system-zlib=auto --enable-objc-gc=auto --enable-multiarch --disable-werror --enable-cet --with-arch-32=i686 --with-abi=m64 --with-multilib-list=m32,m64,mx32 --enable-multilib --with-tune=generic --enable-offload-targets=nvptx-none=/build/gcc-14-zdkDXv/gcc-14-14.2.0/debian/tmp-nvptx/usr,amdgcn-amdhsa=/build/gcc-14-zdkDXv/gcc-14-14.2.0/debian/tmp-gcn/usr --enable-offload-defaulted --without-cuda-driver --enable-checking=release --build=x86_64-linux-gnu --host=x86_64-linux-gnu --target=x86_64-linux-gnu --with-build-config=bootstrap-lto-lean --enable-link-serialization=2
Thread model: posix
Supported LTO compression algorithms: zlib zstd
gcc version 14.2.0 (Ubuntu 14.2.0-4ubuntu2) 
... rest of stderr output deleted ...
configure:4713: $? = 0
configure:4702: gcc -V >&5
gcc: error: unrecognized command-line option '-V'
gcc: fatal error: no input files
compilation terminated.
configure:4713: $? = 1
configure:4702: gcc -qversion >&5
gcc: error: unrecognized command-line option '-qversion'; did you mean '--version'?
gcc: fatal error: no input files
compilation terminated.
configure:4713: $? = 1
configure:4702: gcc -version >&5
gcc: error: unrecognized command-line option '-version'
gcc: fatal error: no input files
compilation terminated.
configure:4713: $? = 1
configure:4717: checking whether the compiler supports GNU C
configure:4737: gcc -c   conftest.c >&5
configure:4737: $? = 0
configure:4749: result: yes
configure:4760: checking whether gcc accepts -g
configure:4781: gcc -c -g  conftest.c >&5
configure:4781: $? = 0
configure:4828: result: yes
configure:4848: checking for gcc option to enable C11 features
configure:4863: gcc  -c -g -O2  conftest.c >&5
configure:4863: $? = 0
configure:4882: result: none needed
configure:5006: checking whether gcc understands -c and -o together
configure:5029: gcc -c conftest.c -o conftest2.o
configure:5032: $? = 0
configure:5029: gcc -c conftest.c -o conftest2.o
configure:5032: $? = 0
configure:5045: result: yes
configure:5064: checking dependency style of gcc
configure:5177: result: gcc3
configure:5329: checking that generated files are newer than configure
configure:5335: result: done
configure:5362: creating ./config.status

## ---------------------- ##
## Running config.status. ##
## ---------------------- ##

This file was extended by program config.status 1.0, which was
generated by GNU Autoconf 2.72.  Invocation command line was

  CONFIG_FILES    = 
  CONFIG_HEADERS  = 
  CONFIG_LINKS    = 
  CONFIG_COMMANDS = 
  $ ./config.status 

on Ubuntu

config.status:783: creating Makefile
config.status:955: executing depfiles commands
config.status:1032: cd .       && sed -e '/# am--include-marker/d' Makefile         | make -f - am--depfiles
make: Nothing to be done for 'am--depfiles'.
config.status:1037: $? = 0

## ---------------- ##
## Cache variables. ##
## ---------------- ##

ac_cv_c_compiler_gnu=yes
ac_cv_cxx_compiler_gnu=yes
ac_cv_env_CCC_set=
ac_cv_env_CCC_value=
ac_cv_env_CC_set=
ac_cv_env_CC_value=
ac_cv_env_CFLAGS_set=
ac_cv_env_CFLAGS_value=
ac_cv_env_CPPFLAGS_set=
ac_cv_env_CPPFLAGS_value=
ac_cv_env_CXXFLAGS_set=
ac_cv_env_CXXFLAGS_value=
ac_cv_env_CXX_set=
ac_cv_env_CXX_value=
ac_cv_env_LDFLAGS_set=
ac_cv_env_LDFLAGS_value=
ac_cv_env_LIBS_set=
ac_cv_env_LIBS_value=
ac_cv_env_PKG_CONFIG_LIBDIR_set=
ac_cv_env_PKG_CONFIG_LIBDIR_value=
ac_cv_env_PKG_CONFIG_PATH_set=
ac_cv_env_PKG_CONFIG_PATH_value=
ac_cv_env_PKG_CONFIG_set=
ac_cv_env_PKG_CONFIG_value=
ac_cv_env_PROGRAM_CFLAGS_set=
ac_cv_env_PROGRAM_CFLAGS_value=
ac_cv_env_PROGRAM_LIBS_set=
ac_cv_env_PROGRAM_LIBS_value=
ac_cv_env_build_alias_set=
ac_cv_env_build_alias_value=
ac_cv_env_host_alias_set=
ac_cv_env_host_alias_value=
ac_cv_env_target_alias_set=
ac_cv_env_target_alias_value=
ac_cv_objext=o
ac_cv_path_ac_pt_PKG_CONFIG=/usr/bin/pkg-config
ac_cv_path_install='/usr/bin/install -c'
ac_cv_path_mkdir=/usr/bin/mkdir
ac_cv_prog_AWK=mawk
ac_cv_prog_ac_ct_CC=gcc
ac_cv_prog_ac_ct_CXX=g++
ac_cv_prog_cc_c11=
ac_cv_prog_cc_g=yes
ac_cv_prog_cc_stdc=
ac_cv_prog_cxx_cxx11=
ac_cv_prog_cxx_g=yes
ac_cv_prog_cxx_stdcxx=
ac_cv_prog_make_make_set=yes
am_cv_CC_dependencies_compiler_type=gcc3
am_cv_CXX_dependencies_compiler_type=gcc3
am_cv_make_support_nested_variables=yes
am_cv_prog_cc_c_o=yes
pkg_cv_PROGRAM_CFLAGS='-I/usr/include/glib-2.0 -I/usr/lib/x86_64-linux-gnu/glib-2.0/include -I/usr/include/sysprof-6 -pthread '
pkg_cv_PROGRAM_LIBS='-lglib-2.0 '

## ----------------- ##
## Output variables. ##
## ----------------- ##

ACLOCAL='${SHELL} '\''/home/snitch/DevOp/missing'\'' aclocal-1.16'
AMDEPBACKSLASH='\'
AMDEP_FALSE='#'
AMDEP_TRUE=''
AMTAR='$${TAR-tar}'
AM_BACKSLASH='\'
AM_DEFAULT_V='$(AM_DEFAULT_VERBOSITY)'
AM_DEFAULT_VERBOSITY='1'
AM_V='$(V)'
AUTOCONF='${SHELL} '\''/home/snitch/DevOp/missing'\'' autoconf'
AUTOHEADER='${SHELL} '\''/home/snitch/DevOp/missing'\'' autoheader'
AUTOMAKE='${SHELL} '\''/home/snitch/DevOp/missing'\'' automake-1.16'
AWK='mawk'
CC='gcc'
CCDEPMODE='depmode=gcc3'
CFLAGS='-g -O2'
CPPFLAGS=''
CSCOPE='cscope'
CTAGS='ctags'
CXX='g++'
CXXDEPMODE='depmode=gcc3'
CXXFLAGS='-g -O2'
CYGPATH_W='echo'
DEFS='-DPACKAGE_NAME=\"program\" -DPACKAGE_TARNAME=\"program\" -DPACKAGE_VERSION=\"1.0\" -DPACKAGE_STRING=\"program\ 1.0\" -DPACKAGE_BUGREPORT=\"valera.erohovv@gmail.com\" -DPACKAGE_URL=\"\" -DPACKAGE=\"program\" -DVERSION=\"1.0\"'
DEPDIR='.deps'
ECHO_C=''
ECHO_N='-n'
ECHO_T=''
ETAGS='etags'
EXEEXT=''
INSTALL_DATA='${INSTALL} -m 644'
INSTALL_PROGRAM='${INSTALL}'
INSTALL_SCRIPT='${INSTALL}'
INSTALL_STRIP_PROGRAM='$(install_sh) -c -s'
LDFLAGS=''
LIBOBJS=''
LIBS=''
LTLIBOBJS=''
MAKEINFO='${SHELL} '\''/home/snitch/DevOp/missing'\'' makeinfo'
MKDIR_P='/usr/bin/mkdir -p'
OBJEXT='o'
PACKAGE='program'
PACKAGE_BUGREPORT='valera.erohovv@gmail.com'
PACKAGE_NAME='program'
PACKAGE_STRING='program 1.0'
PACKAGE_TARNAME='program'
PACKAGE_URL=''
PACKAGE_VERSION='1.0'
PATH_SEPARATOR=':'
PKG_CONFIG='/usr/bin/pkg-config'
PKG_CONFIG_LIBDIR=''
PKG_CONFIG_PATH=''
PROGRAM_CFLAGS='-I/usr/include/glib-2.0 -I/usr/lib/x86_64-linux-gnu/glib-2.0/include -I/usr/include/sysprof-6 -pthread '
PROGRAM_LIBS='-lglib-2.0 '
SET_MAKE=''
SHELL='/bin/bash'
STRIP=''
VERSION='1.0'
ac_ct_CC='gcc'
ac_ct_CXX='g++'
am__EXEEXT_FALSE=''
am__EXEEXT_TRUE='#'
am__fastdepCC_FALSE='#'
am__fastdepCC_TRUE=''
am__fastdepCXX_FALSE='#'
am__fastdepCXX_TRUE=''
am__include='include'
am__isrc=''
am__leading_dot='.'
am__nodep='_no'
am__quote=''
am__tar='$${TAR-tar} chof - "$$tardir"'
am__untar='$${TAR-tar} xf -'
bindir='${exec_prefix}/bin'
build_alias=''
datadir='${datarootdir}'
datarootdir='${prefix}/share'
docdir='${datarootdir}/doc/${PACKAGE_TARNAME}'
dvidir='${docdir}'
exec_prefix='${prefix}'
host_alias=''
htmldir='${docdir}'
includedir='${prefix}/include'
infodir='${datarootdir}/info'
install_sh='${SHELL} /home/snitch/DevOp/install-sh'
libdir='${exec_prefix}/lib'
libexecdir='${exec_prefix}/libexec'
localedir='${datarootdir}/locale'
localstatedir='${prefix}/var'
mandir='${datarootdir}/man'
mkdir_p='$(MKDIR_P)'
oldincludedir='/usr/include'
pdfdir='${docdir}'
prefix='/usr/local'
program_transform_name='s,x,x,'
psdir='${docdir}'
runstatedir='${localstatedir}/run'
sbindir='${exec_prefix}/sbin'
sharedstatedir='${prefix}/com'
sysconfdir='${prefix}/etc'
target_alias=''

## ----------- ##
## confdefs.h. ##
## ----------- ##

/* confdefs.h */
#define PACKAGE_NAME "program"
#define PACKAGE_TARNAME "program"
#define PACKAGE_VERSION "1.0"
#define PACKAGE_STRING "program 1.0"
#define PACKAGE_BUGREPORT "valera.erohovv@gmail.com"
#define PACKAGE_URL ""
#define PACKAGE "program"
#define VERSION "1.0"

configure: exit 0
